version https://git-lfs.github.com/spec/v1
oid sha256:fd25dad0e5c1b7628c8161d628a286d6081b9f78022eb3ed5f6a8f8b6530dbe3
size 6527
